1000 502
819 1
532 2
102 2
241 1
268 3
31 4
233 5
958 6
865 3
627 4
289 7
302 8
137 9
179 10
387 6
546 9
706 5
227 11
274 12
596 10
438 13
715 7
345 14
425 15
809 8
843 11
752 12
304 16
936 13
852 14
399 17
20 15
637 18
686 16
506 19
330 20
895 17
759 20
260 18
119 19
796 21
290 21
903 22
176 23
48 24
356 22
324 25
847 25
58 26
101 27
335 28
306 29
23 30
922 28
185 31
507 24
296 32
279 33
718 23
401 30
212 34
800 29
927 35
151 36
36 37
753 31
670 26
720 27
267 38
391 35
461 37
553 36
471 39
736 32
142 40
192 41
171 42
478 43
202 44
338 45
704 33
928 39
164 46
558 40
513 47
453 48
256 49
459 50
342 51
942 43
976 47
398 52
746 34
473 53
712 38
933 45
276 54
121 55
916 48
564 42
59 50
248 56
567 46
772 41
180 57
446 58
611 44
397 59
76 53
282 60
838 49
871 51
728 54
580 55
12 52
684 56
132 61
468 62
98 63
14 58
223 64
884 59
321 65
193 66
92 62
910 65
876 60
215 67
412 68
836 64
790 57
905 68
645 61
359 69
439 70
144 71
737 66
649 63
589 71
447 72
127 73
849 69
964 70
17 72
341 74
90 75
328 76
4 77
221 78
72 79
99 80
34 81
618 67
234 82
878 74
569 73
33 83
791 76
840 78
593 75
55 84
160 85
613 77
319 86
975 87
494 79
711 80
139 88
839 82
694 85
786 86
826 89
673 84
540 81
166 90
822 91
926 92
253 89
701 88
458 83
148 93
549 87
266 91
349 92
763 90
735 93
44 94
955 95
801 96
382 95
681 97
404 96
602 94
133 97
103 98
57 99
977 100
427 100
983 101
935 102
389 101
286 103
421 102
714 98
83 104
920 105
844 103
237 106
578 99
269 107
604 104
886 107
899 108
974 109
454 105
348 108
624 106
46 110
410 109
325 111
605 110
683 112
970 113
312 114
552 113
514 115
779 111
904 114
689 116
959 115
173 112
757 117
470 118
366 117
816 119
188 116
845 120
177 121
571 121
654 122
703 123
504 124
917 118
428 119
525 125
343 120
812 126
632 127
584 128
813 129
912 124
693 130
11 125
30 122
969 128
891 131
295 123
647 132
451 131
281 126
257 129
586 133
311 130
934 134
996 133
377 134
919 135
435 135
145 127
408 136
49 132
10 136
751 137
111 138
990 139
573 138
115 140
719 140
126 141
409 139
644 141
769 142
303 137
577 143
380 142
547 144
619 145
877 146
402 146
805 147
68 143
818 148
40 144
672 149
460 150
419 147
420 148
75 145
230 149
738 151
833 152
607 153
91 153
639 154
788 155
723 156
755 157
25 150
326 151
957 158
797 159
153 154
867 160
533 158
733 161
299 152
360 155
480 160
456 162
854 162
508 163
490 164
528 165
657 166
633 167
748 168
355 157
835 169
896 163
963 164
655 170
417 159
902 171
196 156
795 172
888 173
620 174
86 165
901 175
949 176
968 177
175 161
42 166
591 177
982 178
971 179
52 167
785 180
122 170
85 174
869 181
861 182
526 171
322 168
731 183
638 184
38 184
985 185
815 186
442 169
880 187
664 188
866 189
873 190
744 191
758 192
484 173
108 183
592 178
275 172
430 175
6 193
415 176
994 194
365 179
742 195
498 185
8 196
156 188
617 193
730 197
35 198
60 199
626 196
820 200
814 201
464 181
536 194
517 198
323 180
603 199
929 202
213 186
601 203
434 182
21 203
721 204
918 205
109 197
452 187
489 189
124 191
726 206
615 207
708 208
848 209
374 190
149 192
135 195
939 210
529 202
143 204
698 211
560 210
550 212
870 213
661 214
277 200
998 207
894 215
64 212
855 216
243 201
67 214
43 217
956 218
308 205
56 219
570 217
218 206
966 220
271 208
889 221
362 209
225 211
232 216
885 222
407 213
680 219
559 218
623 223
316 215
531 220
198 223
123 224
777 225
551 224
350 221
93 226
954 227
522 226
509 222
713 228
986 229
354 225
240 228
648 230
182 230
829 231
923 232
566 227
984 233
576 229
385 231
710 234
159 234
628 235
288 236
423 232
609 237
682 236
16 235
830 238
291 238
229 237
860 239
828 240
278 239
7 241
112 242
9 243
433 233
658 242
962 244
184 245
717 245
379 240
63 246
565 241
29 247
754 248
95 249
616 243
834 250
15 251
961 252
561 244
210 248
722 253
94 254
625 246
640 247
209 253
660 249
368 250
292 255
50 256
582 251
630 254
254 257
612 256
594 258
393 252
378 259
479 260
802 255
82 258
709 257
66 260
422 261
61 262
585 262
555 263
301 264
502 265
574 266
503 267
105 263
207 268
3 261
677 264
259 269
39 265
761 259
868 269
169 266
141 270
431 271
84 267
45 271
147 272
113 273
165 274
992 275
554 270
474 275
688 268
856 276
823 277
62 278
352 276
183 279
363 277
943 280
161 281
372 280
663 272
239 282
979 283
707 273
947 284
211 285
178 286
134 287
768 274
246 288
705 279
875 289
424 283
782 281
334 284
492 278
544 287
659 282
381 289
300 290
572 286
987 291
429 291
168 292
383 293
925 293
944 294
491 294
351 295
320 296
643 285
467 297
294 298
505 299
725 288
26 297
940 295
336 300
465 301
520 302
692 290
396 303
953 299
347 304
219 305
369 306
950 300
313 307
652 292
697 296
946 301
53 302
671 298
807 303
270 308
770 304
675 305
441 309
825 306
511 310
563 311
197 312
309 313
857 307
485 314
261 315
538 316
283 317
487 318
739 308
405 319
22 309
19 310
537 320
457 321
530 322
298 323
756 312
187 311
668 315
921 313
353 324
729 317
792 319
463 325
892 314
154 316
128 320
203 326
587 326
562 327
69 318
766 323
371 328
993 321
534 329
588 330
747 324
74 322
88 327
909 325
557 331
760 328
496 332
783 333
375 333
136 329
608 334
146 330
831 335
499 336
482 337
495 338
764 339
432 335
794 340
965 331
284 339
741 341
882 332
332 340
575 342
622 343
621 344
832 345
346 341
280 345
344 346
995 334
527 347
879 336
437 348
329 349
327 350
318 351
106 337
799 346
263 352
475 353
952 338
519 354
5 342
548 355
762 349
978 347
476 356
767 350
162 343
641 352
501 357
194 344
853 348
258 358
776 351
810 358
973 353
568 359
118 354
265 360
337 361
116 355
376 362
674 360
107 357
255 363
938 356
97 359
317 364
236 365
897 361
945 362
512 366
510 367
80 366
745 363
249 368
734 364
883 369
285 369
216 370
73 367
250 371
610 370
357 372
367 373
199 374
406 375
598 374
252 376
837 365
81 377
980 372
13 375
70 378
100 379
907 373
157 380
54 381
386 382
679 368
775 371
851 376
906 382
732 380
872 383
152 384
339 383
78 385
858 386
167 387
924 388
450 378
595 377
606 379
297 386
789 387
699 384
597 381
65 389
743 390
449 388
305 390
51 391
214 392
158 393
47 394
87 395
469 385
205 396
28 397
71 398
524 389
808 392
1 399
120 400
669 391
545 393
543 394
642 395
541 397
991 401
189 402
646 396
416 399
445 401
340 403
583 398
691 400
104 404
821 403
226 405
581 402
448 406
999 406
231 407
846 405
1000 408
781 407
314 409
129 410
827 409
163 411
27 412
37 413
989 414
842 415
497 404
462 408
556 410
784 411
771 416
890 417
773 418
676 419
488 412
195 416
915 420
740 421
535 413
893 422
635 423
204 418
444 414
315 415
997 424
960 425
201 419
988 426
400 417
114 423
235 421
426 420
841 427
79 428
32 429
200 430
666 428
695 430
222 427
238 431
244 432
242 433
804 431
914 434
750 432
208 435
523 424
724 433
273 422
181 436
806 435
361 425
477 426
333 434
862 437
665 436
150 438
190 439
287 437
388 440
413 429
690 438
443 441
370 442
696 439
515 443
629 444
245 444
293 445
418 446
455 447
749 442
262 448
881 440
472 449
2 441
600 450
411 451
778 445
716 448
685 452
863 446
96 443
887 447
817 451
247 452
931 449
110 450
41 453
521 453
403 454
941 454
787 455
590 456
542 457
155 456
874 458
18 457
89 459
138 460
206 455
951 461
392 458
436 461
224 462
228 463
930 464
687 459
727 460
631 462
307 464
394 465
599 466
702 463
864 465
579 467
481 468
651 469
539 470
172 466
486 471
373 472
220 469
967 467
77 468
859 472
656 473
765 474
908 471
700 475
130 470
390 476
272 473
331 474
937 476
131 475
650 477
780 478
217 477
824 479
364 478
395 479
170 480
358 481
932 481
811 482
384 482
264 483
636 480
662 483
913 484
174 485
850 486
191 487
493 484
518 488
310 486
117 488
186 489
483 490
972 490
140 491
803 487
981 492
653 485
500 492
516 491
251 493
793 489
900 494
634 493
798 495
24 496
678 497
667 498
898 499
614 496
440 494
466 499
911 500
125 497
414 495
948 501
774 502
