1000 503
620 1
148 1
667 2
861 3
348 3
804 4
968 5
754 6
363 4
143 2
869 7
224 6
365 5
407 7
61 8
100 9
565 8
329 10
610 9
715 10
242 11
210 12
821 11
585 13
788 12
950 14
167 13
343 14
696 15
499 16
723 17
513 18
81 15
957 16
683 19
135 17
154 19
267 20
948 18
525 21
737 20
769 22
337 22
647 23
687 24
480 25
278 24
308 26
286 27
387 28
445 29
451 30
856 25
227 23
940 21
799 26
144 31
172 32
827 27
168 33
946 28
255 34
672 31
547 33
794 32
642 34
529 35
247 36
430 37
416 38
5 29
961 30
378 39
6 35
952 37
431 40
815 36
884 38
786 39
721 41
268 41
945 40
537 42
22 42
759 43
886 44
658 45
691 46
490 44
281 43
532 47
164 45
708 48
394 49
302 46
119 47
188 48
50 50
539 50
932 49
663 51
496 52
764 53
713 54
673 55
684 56
887 52
703 57
42 51
133 54
847 58
935 59
967 60
546 59
803 61
468 58
443 60
225 53
888 62
123 55
29 63
912 64
949 65
579 63
567 65
11 66
404 61
262 56
627 66
328 62
591 67
977 67
635 68
93 57
755 69
288 64
845 70
478 71
254 68
347 69
571 72
180 72
130 73
382 70
876 71
419 74
775 75
744 73
39 74
405 76
758 77
782 76
570 78
248 75
163 77
552 79
34 78
24 79
481 80
680 81
246 81
578 82
674 83
462 84
936 80
587 85
298 83
186 82
31 84
410 86
297 87
4 85
797 86
338 88
849 87
300 89
972 90
622 91
385 90
211 91
97 92
541 92
73 93
763 88
750 89
8 94
907 95
611 93
660 96
3 97
55 96
607 94
290 95
429 97
817 98
323 98
319 99
63 100
643 100
690 101
955 102
457 102
574 103
193 101
792 99
463 104
156 103
1 104
733 105
765 106
397 107
358 106
230 105
99 108
841 107
829 109
174 110
903 111
45 112
455 111
850 113
580 108
898 114
878 115
944 116
634 110
26 117
628 112
32 118
243 109
558 116
147 119
370 113
257 115
795 120
212 120
465 114
732 119
232 121
277 122
197 123
33 124
823 121
549 117
569 118
653 122
389 125
489 124
589 123
908 125
542 126
637 127
340 128
844 128
581 129
138 126
560 130
702 131
892 132
814 133
362 132
102 127
834 134
424 133
638 135
165 129
874 136
738 137
395 134
846 138
264 131
512 139
423 136
495 140
897 139
686 141
336 137
838 142
825 143
973 130
108 135
435 138
15 140
112 141
982 144
507 144
520 145
266 142
124 145
321 143
273 146
666 146
677 147
600 148
253 147
773 149
110 148
781 150
609 151
414 152
990 151
862 152
729 153
200 149
699 154
598 155
678 156
902 157
215 150
527 158
880 159
103 154
770 160
434 157
831 161
761 162
198 153
852 163
487 159
746 164
306 160
2 155
613 165
894 166
59 156
497 166
64 158
671 167
559 168
853 169
126 164
450 161
947 168
925 170
218 162
644 171
23 165
27 171
388 163
448 169
910 172
349 170
285 167
291 172
71 173
236 174
89 175
371 176
292 177
86 178
736 174
608 173
511 175
192 179
317 180
235 181
741 177
114 182
173 183
986 176
104 184
294 185
553 178
582 179
251 186
120 187
858 180
412 188
649 181
177 189
122 190
219 191
630 182
134 192
403 193
594 183
355 194
867 185
356 195
82 196
562 184
105 197
633 186
205 198
655 187
606 189
734 190
901 188
624 191
216 199
742 192
618 196
175 200
98 201
383 202
482 197
533 201
109 203
366 204
524 203
452 205
790 193
159 206
169 207
564 200
700 198
206 208
962 194
561 206
380 209
460 210
406 211
724 199
710 207
668 208
835 195
41 205
196 212
651 212
352 213
566 214
664 215
145 214
396 216
96 215
966 202
178 217
543 218
572 217
712 219
928 204
136 218
851 209
762 213
304 219
87 220
49 210
514 220
586 221
222 222
657 222
521 223
415 224
221 225
975 211
12 216
115 221
995 223
442 226
767 225
51 226
714 227
142 227
787 228
505 229
484 230
998 224
704 231
739 232
76 229
960 230
152 231
459 233
155 232
181 228
413 234
548 235
402 236
751 237
871 233
17 234
179 237
641 238
346 239
194 238
139 235
596 240
401 241
265 242
239 243
676 242
67 240
774 239
516 244
393 245
896 236
576 246
19 241
818 243
271 247
275 248
905 244
999 245
938 249
153 246
420 249
207 250
66 251
992 252
345 253
361 254
981 254
870 247
530 251
116 255
176 256
726 248
993 257
665 250
36 258
971 259
293 260
518 252
592 255
868 253
101 261
485 257
488 258
941 262
796 256
231 263
694 260
994 264
492 259
636 261
473 262
989 265
819 263
832 266
146 267
132 268
322 266
922 269
458 264
682 267
958 270
140 271
554 265
837 272
771 273
479 269
189 273
62 274
976 275
274 272
37 276
313 277
593 268
158 278
307 279
425 270
899 277
368 275
325 280
128 281
171 282
421 276
287 283
332 284
477 274
258 285
538 271
85 286
439 287
35 287
351 288
441 289
697 278
873 279
652 281
836 280
768 282
979 289
334 290
943 284
161 291
234 292
885 283
75 293
279 294
314 295
111 296
157 297
756 285
956 288
149 298
341 299
909 290
185 300
965 299
545 286
980 301
855 292
25 302
498 293
284 303
991 304
53 305
659 291
280 306
409 301
568 296
614 297
469 302
213 307
875 294
617 298
722 295
753 300
785 303
519 304
282 308
778 306
422 309
311 310
58 311
127 312
501 305
244 313
963 309
199 314
987 315
296 316
983 317
344 318
915 310
454 311
890 308
681 307
718 312
929 318
953 319
88 320
661 313
701 314
150 321
504 315
79 322
228 323
40 324
978 325
616 320
919 316
364 317
95 326
632 321
881 327
70 328
937 329
670 322
390 319
654 323
60 330
895 331
47 332
494 324
930 333
640 326
184 334
813 335
602 325
865 336
601 328
805 334
320 327
7 337
904 338
725 339
709 340
137 339
256 335
209 340
83 341
526 329
588 330
472 331
969 342
780 343
312 333
276 336
921 344
426 332
857 345
233 343
305 338
13 346
735 347
68 348
523 337
914 349
864 350
151 347
629 341
335 344
270 345
252 350
621 346
381 342
599 348
444 349
573 351
669 352
301 353
619 354
789 353
18 351
272 352
21 354
540 355
688 356
891 357
933 355
509 357
369 358
883 358
974 359
447 359
639 360
432 361
544 362
900 361
695 363
360 364
645 365
80 356
931 362
656 366
648 367
951 364
590 368
121 360
315 363
195 365
917 369
354 369
923 370
810 371
716 372
170 366
113 367
91 368
731 373
882 374
783 375
926 376
384 370
160 372
502 374
367 371
141 373
203 375
889 377
202 378
820 378
466 376
48 379
675 380
418 377
30 381
575 379
471 381
802 382
985 383
238 380
984 384
56 385
118 386
811 387
500 383
464 384
220 382
357 387
475 385
650 386
28 388
259 389
515 388
240 390
263 391
129 392
303 393
843 389
162 394
333 395
577 392
187 396
550 394
182 397
493 398
474 399
728 390
46 398
840 391
14 399
20 400
760 393
299 401
440 400
1000 402
398 402
476 403
510 404
204 405
854 395
807 396
824 401
461 406
324 407
241 408
828 405
453 409
54 403
289 410
295 411
400 412
719 397
10 404
74 406
339 413
826 407
353 414
522 415
437 416
376 417
646 408
555 418
310 419
531 420
563 421
9 409
38 415
860 410
190 422
249 423
717 411
92 418
747 413
90 420
604 422
822 412
906 414
316 424
812 417
893 416
428 425
226 426
970 421
117 427
743 419
625 423
217 428
693 424
359 429
326 430
842 425
77 431
934 429
260 432
517 427
84 433
52 434
748 426
201 435
833 428
436 434
131 436
191 437
623 431
229 438
470 433
107 439
939 430
125 440
508 436
557 439
603 435
662 432
631 437
392 441
685 438
330 442
727 440
44 443
757 442
583 443
830 441
705 444
784 445
309 444
911 446
375 445
776 447
720 448
433 446
456 449
399 447
417 450
214 448
584 451
916 449
801 450
106 451
913 452
942 453
848 454
698 455
918 456
772 457
386 452
879 458
374 453
78 455
72 459
612 459
183 457
996 460
711 461
800 462
535 456
605 460
486 458
959 463
408 454
483 463
679 464
689 465
503 466
730 467
749 468
57 464
491 469
373 462
839 470
377 470
964 466
779 471
528 472
449 473
777 474
327 461
954 469
809 475
863 473
467 476
766 477
245 465
798 478
791 479
94 472
269 467
342 468
69 476
536 480
379 471
920 480
866 481
534 482
261 474
740 483
816 484
506 485
556 486
595 487
318 475
793 488
752 489
877 490
65 482
692 491
597 492
208 477
808 493
16 485
745 494
166 483
331 478
551 495
924 496
872 497
997 486
859 498
438 481
806 499
626 500
237 479
927 495
372 484
615 501
391 488
707 502
411 490
988 487
283 489
706 503
223 491
43 492
350 493
427 496
250 494
446 497
