1000 501
538 1
712 2
699 3
701 4
507 5
471 6
713 7
90 1
715 8
356 9
172 2
439 10
602 11
840 9
788 12
185 3
734 13
891 5
964 6
32 10
443 14
302 4
432 15
675 16
402 12
115 7
906 14
364 17
691 18
386 19
570 20
256 8
619 21
109 11
140 13
646 22
325 23
318 24
135 16
306 18
141 20
13 15
506 25
108 21
455 26
534 27
979 17
83 22
898 19
930 23
626 28
624 29
167 28
711 24
29 25
164 29
485 30
102 27
227 31
106 30
938 26
79 32
586 32
73 33
207 34
56 35
454 33
262 36
678 31
89 37
721 34
177 38
795 36
304 39
980 40
981 41
44 42
429 40
324 43
195 44
95 45
606 35
261 46
543 37
822 39
30 47
45 48
777 38
263 49
810 43
633 42
460 41
1 50
422 47
212 51
132 52
899 53
660 44
179 54
166 55
800 46
458 48
763 49
749 51
76 56
608 45
433 50
430 53
748 52
400 57
576 54
956 57
40 58
530 56
218 59
419 58
124 60
417 61
754 55
48 62
719 59
272 63
335 64
342 65
516 60
100 66
393 67
607 62
331 68
781 63
255 69
724 64
882 61
752 65
632 66
131 70
751 68
183 71
769 67
679 69
517 70
663 71
635 72
184 72
65 73
648 73
392 74
271 75
296 76
940 74
943 77
985 78
334 77
613 79
618 80
217 79
378 78
267 81
925 82
34 80
381 82
258 83
871 75
704 76
478 84
819 81
24 84
695 83
175 85
278 86
525 87
988 87
144 88
532 88
853 86
136 89
802 90
575 85
636 89
852 91
535 92
588 93
834 94
213 90
897 95
603 96
976 92
453 91
322 94
490 95
357 97
18 93
994 96
452 98
611 99
86 99
190 100
629 100
377 101
127 102
766 97
702 102
647 103
362 104
312 105
896 98
376 106
67 103
395 107
591 108
596 109
639 110
529 111
82 108
85 109
776 101
500 112
201 110
397 113
436 114
110 111
216 115
690 105
824 104
499 116
844 106
965 107
371 117
370 118
740 115
737 119
444 120
105 112
414 121
309 119
900 113
200 122
243 123
941 114
659 122
545 124
732 123
96 116
350 125
461 126
253 127
609 128
240 129
933 117
560 130
858 118
585 131
394 132
598 133
51 120
835 121
25 124
765 125
729 127
998 126
782 129
987 128
343 134
310 135
817 132
299 136
661 137
425 138
265 137
438 139
582 140
5 130
697 135
561 141
204 131
756 134
862 136
396 142
931 138
230 143
498 144
232 145
634 143
328 146
522 147
192 133
567 148
162 140
739 145
812 142
366 149
553 150
53 139
962 141
176 148
680 151
407 152
953 144
222 151
549 153
971 147
681 154
68 150
654 155
807 146
486 156
731 157
276 154
497 158
593 159
887 149
627 160
211 155
373 161
612 162
488 163
599 164
533 165
942 152
928 153
983 156
966 158
727 166
225 157
967 161
674 167
241 160
615 168
771 169
208 159
26 162
344 166
415 170
111 163
939 165
537 171
12 164
909 170
16 168
337 169
706 172
329 172
456 173
237 167
968 171
189 174
671 174
416 175
398 176
193 177
958 173
332 178
474 179
872 175
463 180
93 179
450 181
555 182
662 177
991 176
831 178
469 183
877 180
391 184
354 185
876 181
874 183
489 186
274 187
194 188
104 182
375 189
181 190
14 184
477 191
975 185
584 188
726 187
670 190
23 186
515 192
39 191
220 193
855 189
960 192
359 194
809 193
154 195
949 194
935 196
320 196
856 197
36 198
221 199
888 200
710 195
631 198
361 197
952 201
475 200
159 202
643 199
653 202
188 203
937 204
242 205
637 203
915 206
495 201
725 205
289 207
233 208
932 209
119 210
295 206
130 211
638 208
11 212
753 207
863 213
879 214
842 215
818 216
833 217
551 204
973 218
827 219
957 220
493 209
801 221
657 210
152 222
839 223
623 211
666 222
894 224
285 213
723 225
114 225
703 226
571 212
313 214
883 227
145 226
793 228
457 215
589 218
327 216
467 220
333 217
764 229
625 230
926 231
946 232
722 233
360 219
717 234
426 223
540 231
786 235
895 236
963 237
546 232
234 221
149 229
101 230
80 238
993 239
759 240
700 238
121 233
308 224
890 241
257 228
28 242
510 236
446 227
406 235
283 234
275 240
642 242
908 243
358 237
708 244
326 241
155 244
49 245
71 246
889 247
736 248
677 246
186 248
138 249
556 239
923 250
563 245
31 251
134 252
487 243
107 253
997 254
346 247
280 255
668 249
778 255
799 256
797 257
982 258
720 252
709 253
830 259
388 250
64 260
843 261
959 262
171 263
508 251
849 264
260 256
434 254
387 257
156 265
297 259
158 266
621 260
583 258
282 261
339 262
112 267
594 263
224 268
645 265
989 269
340 264
472 269
465 270
773 266
787 268
554 267
223 271
117 272
518 272
672 271
4 270
390 273
148 274
524 274
684 275
580 276
15 276
3 273
832 277
355 277
81 275
298 278
590 279
514 280
196 279
917 278
616 281
665 282
614 283
511 284
182 281
620 285
682 286
301 286
33 280
365 287
779 287
307 288
803 288
291 289
622 290
268 282
696 289
850 291
541 292
523 293
50 283
248 291
820 294
62 284
72 285
178 290
294 294
970 292
651 295
878 296
955 293
574 297
735 298
78 295
568 299
323 296
885 300
160 297
413 300
901 301
521 301
6 299
157 298
418 302
798 302
226 303
789 303
46 304
577 304
826 305
947 306
547 306
170 307
17 308
372 305
780 307
321 309
746 309
600 308
61 310
558 310
290 311
784 311
103 312
431 313
42 313
864 314
829 315
399 314
825 316
236 315
698 312
165 317
7 318
199 319
191 320
209 316
578 317
367 321
146 322
120 323
873 321
147 324
264 325
9 326
54 327
445 318
747 319
886 325
880 328
269 328
656 320
437 326
814 329
384 329
552 322
644 323
254 330
187 331
559 324
219 332
742 330
238 333
347 334
215 335
27 336
912 334
505 327
476 336
716 331
990 337
730 332
169 338
197 339
597 335
913 340
667 333
137 341
481 337
974 342
369 340
473 342
846 343
382 343
491 344
451 345
520 341
123 346
592 338
562 346
805 339
999 344
288 347
58 345
427 348
38 348
235 349
249 350
630 349
286 351
404 352
66 353
768 347
69 354
650 350
311 355
866 351
673 353
287 356
459 354
821 352
640 357
992 358
151 357
542 358
604 359
808 355
714 356
741 360
60 359
22 361
841 362
869 363
251 360
246 362
198 364
815 364
816 365
330 363
259 365
579 361
351 366
435 367
544 368
823 366
180 369
345 370
509 371
728 369
870 367
676 372
380 373
733 370
905 371
57 368
231 372
1000 373
153 374
59 375
142 376
63 377
349 378
854 378
41 379
911 380
314 380
229 381
859 382
750 374
531 375
969 383
688 376
410 382
851 381
21 384
948 385
421 379
550 377
907 386
348 383
122 387
315 386
669 387
605 384
292 388
694 388
922 389
794 390
744 391
950 392
548 385
448 389
774 393
836 394
319 390
2 395
316 391
116 396
479 392
804 397
55 398
128 399
203 393
281 394
383 395
484 398
52 400
595 396
693 399
761 401
927 402
539 400
244 397
139 401
210 403
920 404
247 405
610 403
502 402
118 406
655 405
806 407
951 408
150 409
916 410
745 409
945 411
857 412
411 404
996 413
91 414
273 407
47 415
250 412
884 416
791 417
569 406
99 418
300 410
462 408
828 419
934 420
74 421
738 422
363 411
868 423
449 413
277 416
811 424
470 414
501 415
496 418
995 425
581 421
929 426
519 420
97 427
783 428
336 417
902 429
689 427
972 430
466 423
924 431
641 432
266 419
75 432
770 433
428 424
492 425
161 422
685 434
526 426
686 435
88 434
762 436
893 437
845 438
755 439
92 435
757 440
401 428
442 429
483 430
10 441
303 431
494 437
785 442
163 433
775 443
760 444
910 445
379 436
664 446
528 441
683 447
904 448
341 438
480 445
986 449
705 450
317 439
305 440
125 446
412 448
168 442
847 451
865 452
37 453
921 454
848 455
687 456
914 457
424 449
441 451
338 443
214 444
70 447
252 450
838 458
978 459
420 452
174 456
98 460
813 461
954 462
536 453
512 454
353 455
707 460
206 461
918 463
628 464
718 465
557 459
279 458
447 457
385 462
133 464
792 466
881 467
861 468
977 469
652 470
270 465
405 463
875 471
572 469
19 472
374 466
143 470
892 473
8 474
692 475
601 472
228 475
35 476
368 467
944 477
293 468
867 478
961 479
403 471
409 473
503 474
767 480
527 476
743 481
617 482
649 483
919 484
84 482
245 478
513 477
482 479
837 485
903 486
468 484
565 487
658 488
284 480
423 485
87 483
772 489
129 481
796 490
936 491
20 487
758 492
984 493
573 493
126 488
113 494
352 486
408 490
790 495
202 489
43 496
464 491
860 497
239 492
77 498
566 494
205 495
564 496
389 497
440 499
94 500
504 498
173 501
587 500
